0 40.702393
1 41.832764
2 44.687500
3 44.616699
4 43.029053
5 42.580811
6 43.447021
7 42.513184
8 41.773438
9 41.673340
10 41.718750
11 43.955566
12 41.143066
13 41.240967
14 40.799072
15 43.422852
16 41.734619
17 40.248047
18 40.118652
19 42.062988
20 41.092285
21 42.356201
22 46.102783
23 41.724854
24 40.943604
25 41.880859
26 40.422852
27 40.677734
28 41.704102
29 41.166260
30 41.593994
31 41.413330
32 41.293945
33 41.475342
34 47.396729
35 41.457520
36 40.762939
37 49.808594
38 64.178711
39 44.068848
40 40.570801
41 40.553467
42 41.097168
43 40.996582
44 40.905029
45 40.742432
46 41.007812
47 41.633789
48 41.630127
49 41.658691
50 75.382080
51 44.833496
52 44.230713
53 42.540771
54 42.492432
55 45.402832
56 42.099609
57 42.805176
58 42.411133
59 41.826416
60 42.682861
61 42.750488
62 43.220459
63 43.253662
64 41.747803
65 42.035889
66 42.674561
67 52.662598
68 42.730957
69 42.946289
70 42.961182
71 43.929199
72 42.730713
73 41.676270
74 41.254150
75 42.902588
76 43.469971
77 44.058838
78 43.803955
79 42.929688
80 42.195068
81 43.702148
82 43.709229
83 45.524902
84 43.047607
85 43.326660
86 64.228760
87 46.494873
88 100.112549
89 60.468262
90 42.676514
91 41.934326
92 44.566406
93 43.568848
94 42.990723
95 65.860840
96 58.118652
97 59.173584
98 75.968018
99 62.949463
100 49.494873
101 51.117188
102 70.901611
103 65.838379
104 107.104492
105 68.749023
106 69.725098
107 80.271240
108 65.805664
109 123.436768
110 133.733398
111 124.950928
112 150.987305
113 143.738281
114 102.887939
115 64.990479
116 62.718506
117 80.026611
118 56.312744
119 58.744873
120 65.267822
121 55.411377
122 49.967529
123 102.258545
124 50.321045
125 49.610840
126 56.818604
127 63.934814
128 101.554932
129 87.321533
130 59.669434
131 52.629883
132 49.249756
133 49.492676
134 48.998047
135 48.814941
136 50.786621
137 49.674072
138 48.755615
139 50.306885
140 49.714355
141 48.792969
142 49.507080
143 60.237793
144 99.969727
145 118.265869
146 95.636230
147 97.427490
148 100.820801
149 111.066650
150 64.172119
151 60.651855
152 67.758301
153 51.259766
154 49.771973
155 49.700928
156 48.782959
157 49.222412
158 48.369385
159 60.028564
160 78.715576
161 86.251953
162 128.226074
163 125.399902
164 116.417480
165 87.125488
166 82.196045
167 59.611572
168 49.407227
169 49.041260
170 49.947754
171 49.742432
172 49.660156
173 48.807617
174 49.336670
175 48.530762
176 48.540039
177 48.554443
178 49.474365
179 48.488525
180 47.943115
181 51.543701
182 63.420898
183 108.545166
184 110.876953
185 67.131592
186 63.097412
187 52.414062
188 51.663086
189 50.897949
190 51.530762
191 54.066406
192 55.786621
193 56.812500
194 80.623779
195 64.884521
196 118.840088
197 73.522705
198 68.585938
199 111.877197
200 86.662109
201 108.367188
202 81.920166
203 72.293945
204 69.202148
205 94.597168
206 105.935303
207 85.032227
208 69.351074
209 66.609619
210 77.897217
211 77.795410
212 84.676514
213 82.794922
214 81.600830
215 94.834717
216 82.700195
217 86.429688
218 77.996826
219 87.055908
220 77.516113
221 76.202881
222 124.949219
223 130.898682
224 128.295410
225 68.816406
226 119.788330
227 131.137207
228 118.766602
229 76.104492
230 128.586426
231 107.288086
232 119.247559
233 125.871094
234 139.654785
235 136.666748
236 134.402832
237 160.339355
238 99.601807
239 90.813721
240 89.645996
241 84.516846
242 77.576904
243 75.862549
244 73.095459
245 86.741455
246 87.003418
247 83.878418
248 82.181885
249 82.680420
250 77.297852
251 67.212158
252 69.551025
253 77.905273
254 68.524414
255 68.879150
256 81.674561
257 124.307373
258 102.919678
259 93.903076
260 108.950195
261 83.326172
262 97.279541
263 86.369141
264 83.528076
265 103.946289
266 87.111816
267 84.393311
268 91.410645
269 93.365479
270 94.553223
271 76.950439
272 77.595703
273 75.941406
274 65.989746
275 66.084473
276 67.275879
277 65.723633
278 66.322754
279 67.489258
280 67.621826
281 66.145020
282 65.665283
283 67.301270
284 66.984619
285 66.412842
286 67.808594
287 66.794922
288 67.007080
289 64.068115
290 63.152100
291 69.367432
292 65.346680
293 64.787598
294 66.565430
295 64.119629
296 64.338623
297 64.243408
298 64.981201
299 74.450195
300 79.010498
301 87.978516
302 79.593750
303 65.325928
304 69.515137
305 78.119141
306 67.141113
307 71.182373
308 64.977783
309 64.915527
310 71.023438
311 81.506592
312 109.995361
313 71.587158
314 64.264404
315 73.584473
316 105.512695
317 122.597656
318 105.544678
319 91.304199
320 83.381104
321 76.880615
322 76.002930
323 79.706299
324 75.012939
325 69.805420
326 64.444580
327 64.085449
328 64.429199
329 63.657715
330 64.777344
331 63.395264
332 63.144043
333 64.528320
334 62.730225
335 65.196533
336 63.628906
337 64.673340
338 63.724121
339 64.512451
340 65.670898
341 64.825928
342 63.761963
343 65.458740
344 63.475098
345 63.771484
346 63.026123
347 65.058350
348 63.234131
349 64.646729
350 63.942139
351 64.143066
352 63.146240
353 63.484375
354 63.818359
355 66.164795
356 67.705811
357 66.127686
358 63.275391
359 67.920166
360 77.641846
361 70.798584
362 64.050049
363 104.584961
364 68.641602
365 63.915039
366 64.575928
367 64.980957
368 63.654053
369 78.370850
370 63.987793
371 63.695068
372 63.801514
373 73.183350
374 88.638672
375 113.018555
376 80.297363
377 77.282471
378 79.304688
379 65.473633
380 84.019775
381 77.477295
382 63.454346
383 85.020264
384 95.315186
385 64.454834
386 67.818604
387 66.066406
388 64.453613
389 64.869385
390 64.081787
391 83.738525
392 108.227539
393 135.141357
394 145.713867
395 119.659424
396 106.004883
397 108.231689
398 114.537842
399 120.135986
400 177.716797
401 118.245117
402 122.257568
403 204.554932
404 182.656494
405 209.711670
406 233.358643
407 196.139160
408 108.836914
409 136.680908
410 117.615967
411 107.162109
412 102.913574
413 112.775879
414 107.101562
415 144.983643
416 118.860352
417 109.099854
418 107.039795
419 111.762939
420 102.999268
421 104.535889
422 103.473877
423 113.016602
424 107.267090
425 105.301514
426 102.822998
427 104.230957
428 112.685303
429 109.185059
430 118.072266
431 148.483398
432 106.366943
433 104.908447
434 113.980469
435 103.250732
436 105.038574
437 128.054443
438 211.894775
439 154.878662
440 134.183594
441 128.270508
442 116.049316
443 131.464111
444 105.251221
445 104.605225
446 103.720459
447 110.437500
448 104.331299
449 103.455078
450 104.836914
451 112.323242
452 104.830078
453 104.068115
454 103.401367
455 111.158691
456 104.453125
457 102.579346
458 104.902588
459 103.201660
460 109.749756
461 103.198975
462 104.131104
463 105.368164
464 110.742432
465 103.078125
466 104.129639
467 103.824463
468 121.704102
469 108.989746
470 118.935303
471 116.603271
472 114.640869
473 106.380127
474 114.476807
475 116.208740
476 116.160889
477 110.001953
478 113.778809
479 105.748779
480 104.461670
481 104.161377
482 109.833984
483 103.737549
484 102.792236
485 104.186279
486 115.163086
487 103.995605
488 107.609375
489 104.559814
490 111.235107
491 103.604980
492 103.637207
493 102.723145
494 104.831299
495 113.942627
496 105.069092
497 104.506592
498 107.553467
499 112.942871
500 104.022217
501 105.577881
502 108.592285
503 109.192871
504 107.116455
505 103.178223
506 102.679688
507 117.908936
508 104.787109
509 104.041504
510 105.928467
511 112.881104
512 125.814209
513 122.811279
514 104.603027
515 118.131348
516 104.496582
517 112.228760
518 135.566406
519 106.347168
520 103.435059
521 103.388184
522 117.542236
523 105.253906
524 109.606689
525 121.753906
526 116.551758
527 114.510986
528 104.745117
529 115.551270
530 105.805908
531 119.204590
532 117.412842
533 109.647217
534 115.044678
535 104.066162
536 105.432129
537 116.506592
538 107.587646
539 105.005127
540 103.218506
541 104.773193
542 110.831299
543 103.942871
544 111.015869
545 113.735107
546 122.685303
547 115.052002
548 115.193848
549 117.171631
550 120.643555
551 121.788086
552 103.671631
553 115.696045
554 105.147705
555 111.482910
556 102.502686
557 104.083252
558 110.285400
559 114.427246
560 105.437500
561 103.468750
562 110.987793
563 104.356445
564 107.961670
565 103.626465
566 108.623779
567 103.954102
568 129.858154
569 115.758545
570 120.791748
571 113.631104
572 146.825928
573 132.536133
574 130.195801
575 115.706543
576 121.703369
577 131.376221
578 119.729492
579 117.608887
580 107.109375
581 126.311035
582 105.353271
583 108.550537
584 108.984619
585 112.860596
586 103.391357
587 103.958496
588 110.111572
589 110.641602
590 103.271973
591 103.768555
592 113.436768
593 108.411377
594 110.243408
595 104.114990
596 111.147461
597 103.752197
598 111.118896
599 103.624268
600 104.339355
601 105.518066
602 109.351562
603 104.016602
604 102.895508
605 111.895996
606 109.873291
607 103.735352
608 104.509521
609 110.029785
610 102.593750
611 109.236328
612 105.289795
613 111.719482
614 103.281006
615 110.198975
616 104.425781
617 108.196777
618 107.308105
619 109.502197
620 108.475830
621 104.827881
622 109.178711
623 111.598633
624 112.793701
625 114.098145
626 118.270508
627 118.527588
628 109.684814
629 107.455811
630 112.624512
631 111.831543
632 129.984375
633 119.727539
634 175.443604
635 194.592773
636 155.600098
637 164.349609
638 138.146240
639 123.458984
640 141.942627
641 127.028809
642 126.102051
643 104.093994
644 118.450195
645 104.569336
646 116.838135
647 103.928955
648 112.096680
649 103.706299
650 115.279785
651 104.434326
652 121.866211
653 191.150635
654 189.323486
655 230.315674
656 199.882324
657 127.603516
658 125.736084
659 113.225098
660 148.023682
661 109.250244
662 128.936279
663 164.572021
664 168.971680
665 170.500488
666 208.832520
667 196.693848
668 133.726318
669 123.091309
670 150.516846
671 126.760498
672 191.560547
673 157.721680
674 108.186768
675 118.126221
676 197.570068
677 116.218262
678 114.075195
679 214.783691
680 107.381836
681 170.817383
682 145.328369
683 103.557129
684 106.608887
685 196.876221
686 193.428955
687 197.548828
688 125.488770
689 103.784912
690 118.581543
691 118.311768
692 105.506348
693 103.521729
694 117.220215
695 106.672852
696 173.419189
697 106.706543
698 103.622559
699 115.184570
700 105.463135
701 104.847412
702 105.758789
703 115.287598
704 125.320312
705 103.759277
706 107.418945
707 103.454102
708 115.215088
709 131.558105
710 130.599365
711 134.195801
712 134.447510
713 133.450439
714 129.169189
715 131.571777
716 133.036865
717 106.283203
718 103.048096
719 110.265869
720 102.995361
721 108.232910
722 102.367188
723 112.698242
724 104.514893
725 112.391846
726 123.593506
727 136.543701
728 116.585205
729 107.753906
730 106.628418
731 114.675781
732 104.753662
733 114.586182
734 112.108154
735 107.235596
736 117.264648
737 119.383057
738 105.496094
739 104.427979
740 103.854492
741 122.678955
742 125.532227
743 108.861816
744 106.115479
745 105.336670
746 104.727295
747 115.899658
748 106.757812
749 104.705811
750 103.817383
751 117.591797
752 104.630859
753 105.046631
754 103.589355
755 125.196533
756 135.617920
757 127.631592
758 104.202637
759 118.159180
760 103.709961
761 103.523438
762 104.063721
763 141.314697
764 131.089355
765 137.288818
766 146.200439
767 140.685547
768 122.838379
769 141.716064
770 127.303711
771 133.184082
772 128.306641
773 136.386475
774 122.975342
775 135.260254
776 137.902588
777 125.100830
778 125.092773
779 128.331787
780 134.835938
781 125.235840
782 208.493652
783 242.466064
784 239.156006
785 240.321777
786 230.480225
787 242.390137
788 229.723877
789 236.689941
790 225.464355
791 201.229492
792 228.124023
793 261.914795
794 246.691650
795 214.899414
796 212.758301
797 205.270264
798 189.842529
799 202.238037
800 192.216309
801 190.986572
802 201.419922
803 189.941162
804 207.113037
805 274.813232
806 275.519287
807 328.335205
808 232.236816
809 194.528564
810 199.549561
811 191.708496
812 204.230469
813 197.083740
814 222.800293
815 197.764160
816 193.571533
817 200.727783
818 239.535889
819 202.462891
820 203.127197
821 201.754150
822 202.006104
823 202.761230
824 194.958252
825 189.147705
826 192.281494
827 192.195801
828 190.096680
829 190.067871
830 189.936035
831 190.677490
832 192.259277
833 190.533936
834 190.316895
835 191.395752
836 191.387207
837 194.290527
838 192.578613
839 190.131348
840 190.332275
841 191.689941
842 190.036133
843 190.881348
844 192.409424
845 190.328125
846 191.591309
847 193.837891
848 193.495850
849 254.101562
850 192.098633
851 235.406006
852 241.110107
853 207.257568
854 190.884521
855 203.879639
856 280.162598
857 277.856445
858 250.950195
859 203.827148
860 190.936523
861 203.686035
862 190.834473
863 191.147949
864 202.702148
865 190.098877
866 201.827637
867 191.011230
868 189.995361
869 202.466553
870 190.919434
871 199.220947
872 191.218506
873 190.596924
874 198.134033
875 190.389160
876 199.084473
877 190.028320
878 196.638916
879 192.671875
880 189.404785
881 200.811035
882 192.140381
883 200.855957
884 190.245361
885 190.138428
886 204.728760
887 241.577881
888 203.585693
889 192.045654
890 204.185791
891 199.576416
892 192.066406
893 204.973145
894 191.290283
895 203.676270
896 191.433838
897 197.429443
898 217.619385
899 190.817627
900 202.390869
901 191.933350
902 205.200928
903 193.744629
904 190.956299
905 203.635498
906 192.330322
907 204.087402
908 237.776855
909 207.970947
910 199.905518
911 198.706543
912 208.589600
913 202.176514
914 204.446777
915 192.569824
916 202.537598
917 192.519775
918 192.358643
919 203.347900
920 192.031250
921 202.900879
922 191.651855
923 202.622070
924 191.687988
925 193.047363
926 201.544678
927 191.462646
928 203.782471
929 192.573730
930 192.207764
931 221.794922
932 203.718506
933 203.415039
934 191.423340
935 204.008789
936 202.428955
937 200.195068
938 211.141357
939 197.969971
940 208.029785
941 193.008301
942 202.268799
943 210.842285
944 241.443115
945 199.909180
946 198.039795
947 195.001709
948 190.809570
949 203.995361
950 189.019287
951 195.119873
952 197.888428
953 190.723877
954 200.322998
955 190.960938
956 204.409180
957 191.812988
958 198.916016
959 195.896973
960 204.100586
961 200.666992
962 195.972900
963 189.450439
964 201.874023
965 201.321777
966 198.376465
967 231.680908
968 203.802979
969 262.461670
970 198.052002
971 195.271973
972 205.729492
973 214.971924
974 233.812744
975 200.334473
976 203.815918
977 206.432617
978 201.152344
979 201.252930
980 204.089844
981 195.845215
982 204.442627
983 204.337891
984 212.853271
985 200.847412
986 203.517822
987 200.403809
988 197.802002
989 197.729980
990 196.690674
991 228.658936
992 257.022217
993 212.757080
994 209.798340
995 202.166260
996 220.213867
997 204.478516
998 219.168945
999 206.642578
